<?xml version="1.0" encoding="UTF-8"?>
<!-- Generated by org.testng.reporters.JUnitReportReporter -->
<testsuite skipped="0" hostname="USHYDSALAHARI9" name="Second.Tests" tests="3" failures="0" timestamp="15 Oct 2020 13:24:33 GMT" time="30.753" errors="0">
  <testcase name="m2" time="20.176" classname="Second.Tests"/>
  <testcase name="m3" time="4.046" classname="Second.Tests"/>
  <testcase name="m1" time="6.531" classname="Second.Tests"/>
</testsuite> <!-- Second.Tests -->
