<?xml version="1.0" encoding="UTF-8"?>
<!-- Generated by org.testng.reporters.JUnitReportReporter -->
<testsuite hostname="USHYDSALAHARI9" failures="0" tests="3" name="Second.Tests" time="4.672" errors="0" timestamp="14 Oct 2020 19:03:46 GMT" skipped="0">
  <testcase classname="Second.Tests" name="m3" time="0.002"/>
  <testcase classname="Second.Tests" name="m1" time="4.668"/>
  <testcase classname="Second.Tests" name="m2" time="0.002"/>
</testsuite> <!-- Second.Tests -->
