<?xml version="1.0" encoding="UTF-8"?>
<!-- Generated by org.testng.reporters.JUnitReportReporter -->
<testsuite hostname="USHYDSALAHARI9" failures="0" tests="3" name="Second.Tests" time="3.961" errors="0" timestamp="14 Oct 2020 07:10:31 GMT" skipped="0">
  <testcase classname="Second.Tests" name="m3" time="0.003"/>
  <testcase classname="Second.Tests" name="m1" time="3.955"/>
  <testcase classname="Second.Tests" name="m2" time="0.003"/>
</testsuite> <!-- Second.Tests -->
