<?xml version="1.0" encoding="UTF-8"?>
<!-- Generated by org.testng.reporters.JUnitReportReporter -->
<testsuite skipped="0" hostname="USHYDSALAHARI9" name="Second.Tests1" tests="3" failures="0" timestamp="15 Oct 2020 08:36:45 GMT" time="12.367" errors="0">
  <testcase name="m3" time="3.992" classname="Second.Tests1"/>
  <testcase name="m1" time="4.220" classname="Second.Tests1"/>
  <testcase name="m2" time="4.155" classname="Second.Tests1"/>
</testsuite> <!-- Second.Tests1 -->
