<?xml version="1.0" encoding="UTF-8"?>
<!-- Generated by org.testng.reporters.JUnitReportReporter -->
<testsuite hostname="USHYDSALAHARI9" failures="0" tests="3" name="Second.Tests" time="30.880" errors="0" timestamp="16 Oct 2020 13:39:29 GMT" skipped="0">
  <testcase classname="Second.Tests" name="m3" time="4.625"/>
  <testcase classname="Second.Tests" name="TestSunil1" time="20.696"/>
  <testcase classname="Second.Tests" name="AlahariTest" time="5.559"/>
</testsuite> <!-- Second.Tests -->
