<?xml version="1.0" encoding="UTF-8"?>
<!-- Generated by org.testng.reporters.JUnitReportReporter -->
<testsuite skipped="0" hostname="USHYDSALAHARI9" name="Second.Tests" tests="3" failures="0" timestamp="15 Oct 2020 08:36:45 GMT" time="14.237" errors="0">
  <testcase name="m2" time="4.178" classname="Second.Tests"/>
  <testcase name="m1" time="6.001" classname="Second.Tests"/>
  <testcase name="m3" time="4.058" classname="Second.Tests"/>
</testsuite> <!-- Second.Tests -->
