<?xml version="1.0" encoding="UTF-8"?>
<!-- Generated by org.testng.reporters.JUnitReportReporter -->
<testsuite hostname="USHYDSALAHARI9" failures="0" tests="3" name="Second.Tests1" time="13.201" errors="0" timestamp="15 Oct 2020 03:46:15 GMT" skipped="0">
  <testcase classname="Second.Tests1" name="m1" time="4.086"/>
  <testcase classname="Second.Tests1" name="m2" time="4.251"/>
  <testcase classname="Second.Tests1" name="m3" time="4.864"/>
</testsuite> <!-- Second.Tests1 -->
