<?xml version="1.0" encoding="UTF-8"?>
<!-- Generated by org.testng.reporters.JUnitReportReporter -->
<testsuite hostname="USHYDSALAHARI9" failures="0" tests="3" name="Second.Tests1" time="13.151" errors="0" timestamp="16 Oct 2020 13:38:01 GMT" skipped="0">
  <testcase classname="Second.Tests1" name="m3" time="4.508"/>
  <testcase classname="Second.Tests1" name="m2" time="4.395"/>
  <testcase classname="Second.Tests1" name="m1" time="4.248"/>
</testsuite> <!-- Second.Tests1 -->
