<?xml version="1.0" encoding="UTF-8"?>
<!-- Generated by org.testng.reporters.JUnitReportReporter -->
<testsuite skipped="0" hostname="USHYDSALAHARI9" name="Second.Tests" tests="3" failures="0" timestamp="16 Oct 2020 05:05:36 GMT" time="24.946" errors="0">
  <testcase name="m2" time="18.545" classname="Second.Tests"/>
  <testcase name="m3" time="3.445" classname="Second.Tests"/>
  <testcase name="m1" time="2.956" classname="Second.Tests"/>
</testsuite> <!-- Second.Tests -->
