<?xml version="1.0" encoding="UTF-8"?>
<!-- Generated by org.testng.reporters.JUnitReportReporter -->
<testsuite skipped="0" hostname="USHYDSALAHARI9" name="Second.Tests1" tests="3" failures="0" timestamp="16 Oct 2020 05:05:36 GMT" time="9.645" errors="0">
  <testcase name="m1" time="3.477" classname="Second.Tests1"/>
  <testcase name="m3" time="3.015" classname="Second.Tests1"/>
  <testcase name="m2" time="3.153" classname="Second.Tests1"/>
</testsuite> <!-- Second.Tests1 -->
