<?xml version="1.0" encoding="UTF-8"?>
<!-- Generated by org.testng.reporters.JUnitReportReporter -->
<testsuite hostname="USHYDSALAHARI9" failures="0" tests="3" name="Second.Tests" time="18.725" errors="0" timestamp="15 Oct 2020 03:46:15 GMT" skipped="0">
  <testcase classname="Second.Tests" name="m1" time="5.803"/>
  <testcase classname="Second.Tests" name="m2" time="5.036"/>
  <testcase classname="Second.Tests" name="m3" time="7.886"/>
</testsuite> <!-- Second.Tests -->
