<?xml version="1.0" encoding="UTF-8"?>
<!-- Generated by org.testng.reporters.JUnitReportReporter -->
<testsuite hostname="USHYDSALAHARI9" failures="0" tests="3" name="Second.Tests" time="10.513" errors="0" timestamp="14 Oct 2020 19:30:45 GMT" skipped="0">
  <testcase classname="Second.Tests" name="m2" time="0.001"/>
  <testcase classname="Second.Tests" name="m3" time="0.001"/>
  <testcase classname="Second.Tests" name="m1" time="10.511"/>
</testsuite> <!-- Second.Tests -->
